[21-Feb-2023 16:23:58] NOTICE: fpm is running, pid 34
[21-Feb-2023 16:23:58] NOTICE: ready to handle connections
[21-Feb-2023 16:25:20] NOTICE: fpm is running, pid 20
[21-Feb-2023 16:25:20] NOTICE: ready to handle connections
[21-Feb-2023 16:28:19] NOTICE: fpm is running, pid 34
[21-Feb-2023 16:28:19] NOTICE: ready to handle connections
[21-Feb-2023 16:30:01] NOTICE: fpm is running, pid 35
[21-Feb-2023 16:30:01] NOTICE: ready to handle connections
[21-Feb-2023 16:39:56] NOTICE: fpm is running, pid 34
[21-Feb-2023 16:39:56] NOTICE: ready to handle connections
[21-Feb-2023 16:40:28] NOTICE: fpm is running, pid 20
[21-Feb-2023 16:40:28] NOTICE: ready to handle connections
[21-Feb-2023 16:41:19] NOTICE: fpm is running, pid 35
[21-Feb-2023 16:41:19] NOTICE: ready to handle connections
[21-Feb-2023 16:41:53] NOTICE: fpm is running, pid 19
[21-Feb-2023 16:41:53] NOTICE: ready to handle connections
[21-Feb-2023 16:45:18] NOTICE: fpm is running, pid 20
[21-Feb-2023 16:45:18] NOTICE: ready to handle connections
[21-Feb-2023 16:47:36] NOTICE: fpm is running, pid 20
[21-Feb-2023 16:47:36] NOTICE: ready to handle connections
[21-Feb-2023 21:53:35] WARNING: [pool www] server reached pm.max_children setting (5), consider raising it
[21-Feb-2023 21:55:02] WARNING: [pool www] server reached pm.max_children setting (5), consider raising it
[24-Feb-2023 05:43:14] NOTICE: fpm is running, pid 20
[24-Feb-2023 05:43:14] NOTICE: ready to handle connections
[24-Feb-2023 05:49:20] NOTICE: fpm is running, pid 20
[24-Feb-2023 05:49:20] NOTICE: ready to handle connections
[24-Feb-2023 05:55:51] NOTICE: fpm is running, pid 20
[24-Feb-2023 05:55:51] NOTICE: ready to handle connections
[25-Feb-2023 06:57:05] NOTICE: fpm is running, pid 20
[25-Feb-2023 06:57:05] NOTICE: ready to handle connections
[26-Feb-2023 10:11:58] NOTICE: fpm is running, pid 20
[26-Feb-2023 10:11:58] NOTICE: ready to handle connections
[06-Mar-2023 20:48:37] NOTICE: fpm is running, pid 21
[06-Mar-2023 20:48:37] NOTICE: ready to handle connections
[18-Mar-2023 07:34:53] NOTICE: fpm is running, pid 20
[18-Mar-2023 07:34:53] NOTICE: ready to handle connections
[18-Mar-2023 07:35:01] NOTICE: fpm is running, pid 20
[18-Mar-2023 07:35:01] NOTICE: ready to handle connections
[18-Mar-2023 08:05:09] NOTICE: fpm is running, pid 20
[18-Mar-2023 08:05:09] NOTICE: ready to handle connections
[18-Mar-2023 08:08:09] NOTICE: fpm is running, pid 20
[18-Mar-2023 08:08:09] NOTICE: ready to handle connections
[23-Mar-2023 10:17:51] NOTICE: fpm is running, pid 20
[23-Mar-2023 10:17:51] NOTICE: ready to handle connections
[23-Mar-2023 10:30:53] NOTICE: fpm is running, pid 21
[23-Mar-2023 10:30:53] NOTICE: ready to handle connections
